
2015-06-11 11:54:17
[INFO]-[Thread: main]-[com.mchange.v2.log.MLog.<clinit>()]: MLog clients using log4j logging.

2015-06-11 11:54:17
[INFO]-[Thread: main]-[com.mchange.v2.c3p0.C3P0Registry.banner()]: Initializing c3p0-0.9.1.2 [built 21-May-2007 15:04:56; debug? true; trace: 10]

2015-06-11 11:54:17
[INFO]-[Thread: main]-[com.mchange.v2.c3p0.impl.AbstractPoolBackedDataSource.getPoolManager()]: Initializing c3p0 pool... com.mchange.v2.c3p0.ComboPooledDataSource [ acquireIncrement -> 2, acquireRetryAttempts -> 30, acquireRetryDelay -> 1000, autoCommitOnClose -> false, automaticTestTable -> null, breakAfterAcquireFailure -> false, checkoutTimeout -> 0, connectionCustomizerClassName -> null, connectionTesterClassName -> com.mchange.v2.c3p0.impl.DefaultConnectionTester, dataSourceName -> 1hgf86d991qd07n01imfhcl|1594a88, debugUnreturnedConnectionStackTraces -> false, description -> null, driverClass -> com.mysql.jdbc.Driver, factoryClassLocation -> null, forceIgnoreUnresolvedTransactions -> false, identityToken -> 1hgf86d991qd07n01imfhcl|1594a88, idleConnectionTestPeriod -> 0, initialPoolSize -> 10, jdbcUrl -> jdbc:mysql://192.168.80.233/thinkmore?characterEncoding=utf8&zeroDateTimeBehavior=convertToNull, maxAdministrativeTaskTime -> 0, maxConnectionAge -> 0, maxIdleTime -> 20, maxIdleTimeExcessConnections -> 0, maxPoolSize -> 100, maxStatements -> 0, maxStatementsPerConnection -> 0, minPoolSize -> 10, numHelperThreads -> 3, numThreadsAwaitingCheckoutDefaultUser -> 0, preferredTestQuery -> null, properties -> {user=******, password=******}, propertyCycle -> 0, testConnectionOnCheckin -> false, testConnectionOnCheckout -> false, unreturnedConnectionTimeout -> 0, usesTraditionalReflectiveProxies -> false ]

2015-06-11 11:54:34
[INFO]-[Thread: qtp20280994-18]-[com.demo.blog.LoginController.login()]: 登录用户：1(1)》》登录失败！

2015-06-11 11:54:46
[INFO]-[Thread: qtp20280994-25]-[com.demo.blog.LoginController.login()]: 登录用户：2(2)》》登录失败！

2015-06-11 11:54:51
[INFO]-[Thread: qtp20280994-18]-[com.demo.blog.LoginController.login()]: 登录用户：ls(000000)》》登录成功！

2015-06-11 11:56:58
[INFO]-[Thread: JFinal-Scanner]-[com.mchange.v2.log.MLog.<clinit>()]: MLog clients using log4j logging.

2015-06-11 11:56:58
[INFO]-[Thread: JFinal-Scanner]-[com.mchange.v2.c3p0.C3P0Registry.banner()]: Initializing c3p0-0.9.1.2 [built 21-May-2007 15:04:56; debug? true; trace: 10]

2015-06-11 11:56:58
[INFO]-[Thread: JFinal-Scanner]-[com.mchange.v2.c3p0.impl.AbstractPoolBackedDataSource.getPoolManager()]: Initializing c3p0 pool... com.mchange.v2.c3p0.ComboPooledDataSource [ acquireIncrement -> 2, acquireRetryAttempts -> 30, acquireRetryDelay -> 1000, autoCommitOnClose -> false, automaticTestTable -> null, breakAfterAcquireFailure -> false, checkoutTimeout -> 0, connectionCustomizerClassName -> null, connectionTesterClassName -> com.mchange.v2.c3p0.impl.DefaultConnectionTester, dataSourceName -> 1hgf86d991qd3o5j1wjoj21|1a8ffd3, debugUnreturnedConnectionStackTraces -> false, description -> null, driverClass -> com.mysql.jdbc.Driver, factoryClassLocation -> null, forceIgnoreUnresolvedTransactions -> false, identityToken -> 1hgf86d991qd3o5j1wjoj21|1a8ffd3, idleConnectionTestPeriod -> 0, initialPoolSize -> 10, jdbcUrl -> jdbc:mysql://192.168.80.233/thinkmore?characterEncoding=utf8&zeroDateTimeBehavior=convertToNull, maxAdministrativeTaskTime -> 0, maxConnectionAge -> 0, maxIdleTime -> 20, maxIdleTimeExcessConnections -> 0, maxPoolSize -> 100, maxStatements -> 0, maxStatementsPerConnection -> 0, minPoolSize -> 10, numHelperThreads -> 3, numThreadsAwaitingCheckoutDefaultUser -> 0, preferredTestQuery -> null, properties -> {user=******, password=******}, propertyCycle -> 0, testConnectionOnCheckin -> false, testConnectionOnCheckout -> false, unreturnedConnectionTimeout -> 0, usesTraditionalReflectiveProxies -> false ]

2015-06-11 12:01:46
[INFO]-[Thread: JFinal-Scanner]-[com.mchange.v2.log.MLog.<clinit>()]: MLog clients using log4j logging.

2015-06-11 12:01:46
[INFO]-[Thread: JFinal-Scanner]-[com.mchange.v2.c3p0.C3P0Registry.banner()]: Initializing c3p0-0.9.1.2 [built 21-May-2007 15:04:56; debug? true; trace: 10]

2015-06-11 12:01:46
[INFO]-[Thread: JFinal-Scanner]-[com.mchange.v2.c3p0.impl.AbstractPoolBackedDataSource.getPoolManager()]: Initializing c3p0 pool... com.mchange.v2.c3p0.ComboPooledDataSource [ acquireIncrement -> 2, acquireRetryAttempts -> 30, acquireRetryDelay -> 1000, autoCommitOnClose -> false, automaticTestTable -> null, breakAfterAcquireFailure -> false, checkoutTimeout -> 0, connectionCustomizerClassName -> null, connectionTesterClassName -> com.mchange.v2.c3p0.impl.DefaultConnectionTester, dataSourceName -> 1hgf86d991qd9ua711lcp3k|5666d2, debugUnreturnedConnectionStackTraces -> false, description -> null, driverClass -> com.mysql.jdbc.Driver, factoryClassLocation -> null, forceIgnoreUnresolvedTransactions -> false, identityToken -> 1hgf86d991qd9ua711lcp3k|5666d2, idleConnectionTestPeriod -> 0, initialPoolSize -> 10, jdbcUrl -> jdbc:mysql://192.168.80.233/thinkmore?characterEncoding=utf8&zeroDateTimeBehavior=convertToNull, maxAdministrativeTaskTime -> 0, maxConnectionAge -> 0, maxIdleTime -> 20, maxIdleTimeExcessConnections -> 0, maxPoolSize -> 100, maxStatements -> 0, maxStatementsPerConnection -> 0, minPoolSize -> 10, numHelperThreads -> 3, numThreadsAwaitingCheckoutDefaultUser -> 0, preferredTestQuery -> null, properties -> {user=******, password=******}, propertyCycle -> 0, testConnectionOnCheckin -> false, testConnectionOnCheckout -> false, unreturnedConnectionTimeout -> 0, usesTraditionalReflectiveProxies -> false ]

2015-06-11 12:02:22
[INFO]-[Thread: JFinal-Scanner]-[com.mchange.v2.log.MLog.<clinit>()]: MLog clients using log4j logging.

2015-06-11 12:02:22
[INFO]-[Thread: JFinal-Scanner]-[com.mchange.v2.c3p0.C3P0Registry.banner()]: Initializing c3p0-0.9.1.2 [built 21-May-2007 15:04:56; debug? true; trace: 10]

2015-06-11 12:02:22
[INFO]-[Thread: JFinal-Scanner]-[com.mchange.v2.c3p0.impl.AbstractPoolBackedDataSource.getPoolManager()]: Initializing c3p0 pool... com.mchange.v2.c3p0.ComboPooledDataSource [ acquireIncrement -> 2, acquireRetryAttempts -> 30, acquireRetryDelay -> 1000, autoCommitOnClose -> false, automaticTestTable -> null, breakAfterAcquireFailure -> false, checkoutTimeout -> 0, connectionCustomizerClassName -> null, connectionTesterClassName -> com.mchange.v2.c3p0.impl.DefaultConnectionTester, dataSourceName -> 1hgf86d991qdalnpgscecl|5abf24, debugUnreturnedConnectionStackTraces -> false, description -> null, driverClass -> com.mysql.jdbc.Driver, factoryClassLocation -> null, forceIgnoreUnresolvedTransactions -> false, identityToken -> 1hgf86d991qdalnpgscecl|5abf24, idleConnectionTestPeriod -> 0, initialPoolSize -> 10, jdbcUrl -> jdbc:mysql://192.168.80.233/thinkmore?characterEncoding=utf8&zeroDateTimeBehavior=convertToNull, maxAdministrativeTaskTime -> 0, maxConnectionAge -> 0, maxIdleTime -> 20, maxIdleTimeExcessConnections -> 0, maxPoolSize -> 100, maxStatements -> 0, maxStatementsPerConnection -> 0, minPoolSize -> 10, numHelperThreads -> 3, numThreadsAwaitingCheckoutDefaultUser -> 0, preferredTestQuery -> null, properties -> {user=******, password=******}, propertyCycle -> 0, testConnectionOnCheckin -> false, testConnectionOnCheckout -> false, unreturnedConnectionTimeout -> 0, usesTraditionalReflectiveProxies -> false ]

2015-06-11 12:02:25
[INFO]-[Thread: main]-[com.mchange.v2.log.MLog.<clinit>()]: MLog clients using log4j logging.

2015-06-11 12:02:25
[INFO]-[Thread: main]-[com.mchange.v2.c3p0.C3P0Registry.banner()]: Initializing c3p0-0.9.1.2 [built 21-May-2007 15:04:56; debug? true; trace: 10]

2015-06-11 12:02:25
[INFO]-[Thread: main]-[com.mchange.v2.c3p0.impl.AbstractPoolBackedDataSource.getPoolManager()]: Initializing c3p0 pool... com.mchange.v2.c3p0.ComboPooledDataSource [ acquireIncrement -> 2, acquireRetryAttempts -> 30, acquireRetryDelay -> 1000, autoCommitOnClose -> false, automaticTestTable -> null, breakAfterAcquireFailure -> false, checkoutTimeout -> 0, connectionCustomizerClassName -> null, connectionTesterClassName -> com.mchange.v2.c3p0.impl.DefaultConnectionTester, dataSourceName -> 1hgf86d991qdao5l11vmlp7|11a0d35, debugUnreturnedConnectionStackTraces -> false, description -> null, driverClass -> com.mysql.jdbc.Driver, factoryClassLocation -> null, forceIgnoreUnresolvedTransactions -> false, identityToken -> 1hgf86d991qdao5l11vmlp7|11a0d35, idleConnectionTestPeriod -> 0, initialPoolSize -> 10, jdbcUrl -> jdbc:mysql://192.168.80.233/thinkmore?characterEncoding=utf8&zeroDateTimeBehavior=convertToNull, maxAdministrativeTaskTime -> 0, maxConnectionAge -> 0, maxIdleTime -> 20, maxIdleTimeExcessConnections -> 0, maxPoolSize -> 100, maxStatements -> 0, maxStatementsPerConnection -> 0, minPoolSize -> 10, numHelperThreads -> 3, numThreadsAwaitingCheckoutDefaultUser -> 0, preferredTestQuery -> null, properties -> {user=******, password=******}, propertyCycle -> 0, testConnectionOnCheckin -> false, testConnectionOnCheckout -> false, unreturnedConnectionTimeout -> 0, usesTraditionalReflectiveProxies -> false ]

2015-06-11 12:02:29
[INFO]-[Thread: qtp13190097-23]-[com.demo.blog.LoginController.login()]: 登录用户：1(1)》》登录失败！

2015-06-11 12:03:37
[INFO]-[Thread: main]-[com.mchange.v2.log.MLog.<clinit>()]: MLog clients using log4j logging.

2015-06-11 12:03:38
[INFO]-[Thread: main]-[com.mchange.v2.c3p0.C3P0Registry.banner()]: Initializing c3p0-0.9.1.2 [built 21-May-2007 15:04:56; debug? true; trace: 10]

2015-06-11 12:03:38
[INFO]-[Thread: main]-[com.mchange.v2.c3p0.impl.AbstractPoolBackedDataSource.getPoolManager()]: Initializing c3p0 pool... com.mchange.v2.c3p0.ComboPooledDataSource [ acquireIncrement -> 2, acquireRetryAttempts -> 30, acquireRetryDelay -> 1000, autoCommitOnClose -> false, automaticTestTable -> null, breakAfterAcquireFailure -> false, checkoutTimeout -> 0, connectionCustomizerClassName -> null, connectionTesterClassName -> com.mchange.v2.c3p0.impl.DefaultConnectionTester, dataSourceName -> 1hgf86d991qdc8551yzuul3|1594a88, debugUnreturnedConnectionStackTraces -> false, description -> null, driverClass -> com.mysql.jdbc.Driver, factoryClassLocation -> null, forceIgnoreUnresolvedTransactions -> false, identityToken -> 1hgf86d991qdc8551yzuul3|1594a88, idleConnectionTestPeriod -> 0, initialPoolSize -> 10, jdbcUrl -> jdbc:mysql://192.168.80.233/thinkmore?characterEncoding=utf8&zeroDateTimeBehavior=convertToNull, maxAdministrativeTaskTime -> 0, maxConnectionAge -> 0, maxIdleTime -> 20, maxIdleTimeExcessConnections -> 0, maxPoolSize -> 100, maxStatements -> 0, maxStatementsPerConnection -> 0, minPoolSize -> 10, numHelperThreads -> 3, numThreadsAwaitingCheckoutDefaultUser -> 0, preferredTestQuery -> null, properties -> {user=******, password=******}, propertyCycle -> 0, testConnectionOnCheckin -> false, testConnectionOnCheckout -> false, unreturnedConnectionTimeout -> 0, usesTraditionalReflectiveProxies -> false ]

2015-06-11 12:03:40
[INFO]-[Thread: qtp13190097-25]-[com.demo.blog.LoginController.login()]: 登录用户：1(2)》》登录失败！

2015-06-11 12:04:04
[INFO]-[Thread: main]-[com.mchange.v2.log.MLog.<clinit>()]: MLog clients using log4j logging.

2015-06-11 12:04:04
[INFO]-[Thread: main]-[com.mchange.v2.c3p0.C3P0Registry.banner()]: Initializing c3p0-0.9.1.2 [built 21-May-2007 15:04:56; debug? true; trace: 10]

2015-06-11 12:04:04
[INFO]-[Thread: main]-[com.mchange.v2.c3p0.impl.AbstractPoolBackedDataSource.getPoolManager()]: Initializing c3p0 pool... com.mchange.v2.c3p0.ComboPooledDataSource [ acquireIncrement -> 2, acquireRetryAttempts -> 30, acquireRetryDelay -> 1000, autoCommitOnClose -> false, automaticTestTable -> null, breakAfterAcquireFailure -> false, checkoutTimeout -> 0, connectionCustomizerClassName -> null, connectionTesterClassName -> com.mchange.v2.c3p0.impl.DefaultConnectionTester, dataSourceName -> 1hgf86d991qdcsjsw1nrjd|12c4c57, debugUnreturnedConnectionStackTraces -> false, description -> null, driverClass -> com.mysql.jdbc.Driver, factoryClassLocation -> null, forceIgnoreUnresolvedTransactions -> false, identityToken -> 1hgf86d991qdcsjsw1nrjd|12c4c57, idleConnectionTestPeriod -> 0, initialPoolSize -> 10, jdbcUrl -> jdbc:mysql://192.168.80.233/thinkmore?characterEncoding=utf8&zeroDateTimeBehavior=convertToNull, maxAdministrativeTaskTime -> 0, maxConnectionAge -> 0, maxIdleTime -> 20, maxIdleTimeExcessConnections -> 0, maxPoolSize -> 100, maxStatements -> 0, maxStatementsPerConnection -> 0, minPoolSize -> 10, numHelperThreads -> 3, numThreadsAwaitingCheckoutDefaultUser -> 0, preferredTestQuery -> null, properties -> {user=******, password=******}, propertyCycle -> 0, testConnectionOnCheckin -> false, testConnectionOnCheckout -> false, unreturnedConnectionTimeout -> 0, usesTraditionalReflectiveProxies -> false ]

2015-06-11 12:04:11
[INFO]-[Thread: qtp25383640-23]-[com.demo.blog.LoginController.login()]: 登录用户：1(3)》》登录失败！

2015-06-11 12:04:56
[INFO]-[Thread: main]-[com.mchange.v2.log.MLog.<clinit>()]: MLog clients using log4j logging.

2015-06-11 12:04:56
[INFO]-[Thread: main]-[com.mchange.v2.c3p0.C3P0Registry.banner()]: Initializing c3p0-0.9.1.2 [built 21-May-2007 15:04:56; debug? true; trace: 10]

2015-06-11 12:04:57
[INFO]-[Thread: main]-[com.mchange.v2.c3p0.impl.AbstractPoolBackedDataSource.getPoolManager()]: Initializing c3p0 pool... com.mchange.v2.c3p0.ComboPooledDataSource [ acquireIncrement -> 2, acquireRetryAttempts -> 30, acquireRetryDelay -> 1000, autoCommitOnClose -> false, automaticTestTable -> null, breakAfterAcquireFailure -> false, checkoutTimeout -> 0, connectionCustomizerClassName -> null, connectionTesterClassName -> com.mchange.v2.c3p0.impl.DefaultConnectionTester, dataSourceName -> 1hgf86d991qddwy7vejik|1594a88, debugUnreturnedConnectionStackTraces -> false, description -> null, driverClass -> com.mysql.jdbc.Driver, factoryClassLocation -> null, forceIgnoreUnresolvedTransactions -> false, identityToken -> 1hgf86d991qddwy7vejik|1594a88, idleConnectionTestPeriod -> 0, initialPoolSize -> 10, jdbcUrl -> jdbc:mysql://192.168.80.233/thinkmore?characterEncoding=utf8&zeroDateTimeBehavior=convertToNull, maxAdministrativeTaskTime -> 0, maxConnectionAge -> 0, maxIdleTime -> 20, maxIdleTimeExcessConnections -> 0, maxPoolSize -> 100, maxStatements -> 0, maxStatementsPerConnection -> 0, minPoolSize -> 10, numHelperThreads -> 3, numThreadsAwaitingCheckoutDefaultUser -> 0, preferredTestQuery -> null, properties -> {user=******, password=******}, propertyCycle -> 0, testConnectionOnCheckin -> false, testConnectionOnCheckout -> false, unreturnedConnectionTimeout -> 0, usesTraditionalReflectiveProxies -> false ]

2015-06-11 12:05:07
[INFO]-[Thread: qtp25383640-21]-[com.demo.blog.LoginController.login()]: 登录用户：1(3)》》登录失败！

2015-06-11 12:05:20
[INFO]-[Thread: qtp25383640-22]-[com.demo.blog.LoginController.login()]: 登录用户：ls(000000)》》登录成功！

2015-06-11 12:05:23
[INFO]-[Thread: qtp25383640-23]-[com.demo.blog.LoginController.login()]: 登录用户：3(3)》》登录失败！

2015-06-11 12:05:26
[INFO]-[Thread: qtp25383640-23]-[com.demo.blog.LoginController.login()]: 登录用户：admin(0000)》》登录失败！

2015-06-11 12:06:06
[INFO]-[Thread: main]-[com.mchange.v2.log.MLog.<clinit>()]: MLog clients using log4j logging.

2015-06-11 12:06:06
[INFO]-[Thread: main]-[com.mchange.v2.c3p0.C3P0Registry.banner()]: Initializing c3p0-0.9.1.2 [built 21-May-2007 15:04:56; debug? true; trace: 10]

2015-06-11 12:06:06
[INFO]-[Thread: main]-[com.mchange.v2.c3p0.impl.AbstractPoolBackedDataSource.getPoolManager()]: Initializing c3p0 pool... com.mchange.v2.c3p0.ComboPooledDataSource [ acquireIncrement -> 2, acquireRetryAttempts -> 30, acquireRetryDelay -> 1000, autoCommitOnClose -> false, automaticTestTable -> null, breakAfterAcquireFailure -> false, checkoutTimeout -> 0, connectionCustomizerClassName -> null, connectionTesterClassName -> com.mchange.v2.c3p0.impl.DefaultConnectionTester, dataSourceName -> 1hgf86d991qdfes0lvqjfa|147e668, debugUnreturnedConnectionStackTraces -> false, description -> null, driverClass -> com.mysql.jdbc.Driver, factoryClassLocation -> null, forceIgnoreUnresolvedTransactions -> false, identityToken -> 1hgf86d991qdfes0lvqjfa|147e668, idleConnectionTestPeriod -> 0, initialPoolSize -> 10, jdbcUrl -> jdbc:mysql://192.168.80.233/thinkmore?characterEncoding=utf8&zeroDateTimeBehavior=convertToNull, maxAdministrativeTaskTime -> 0, maxConnectionAge -> 0, maxIdleTime -> 20, maxIdleTimeExcessConnections -> 0, maxPoolSize -> 100, maxStatements -> 0, maxStatementsPerConnection -> 0, minPoolSize -> 10, numHelperThreads -> 3, numThreadsAwaitingCheckoutDefaultUser -> 0, preferredTestQuery -> null, properties -> {user=******, password=******}, propertyCycle -> 0, testConnectionOnCheckin -> false, testConnectionOnCheckout -> false, unreturnedConnectionTimeout -> 0, usesTraditionalReflectiveProxies -> false ]

2015-06-11 12:06:13
[INFO]-[Thread: qtp11800260-19]-[com.demo.blog.LoginController.login()]: 登录用户：admin；登录密码：000000；》》登录失败！

2015-06-11 12:06:30
[INFO]-[Thread: qtp11800260-22]-[com.demo.blog.LoginController.login()]: 登录用户：ls；登录密码：000000；》》登录成功！

2015-06-11 12:09:35
[INFO]-[Thread: qtp25857250-20]-[com.demo.blog.LoginController.login()]: 登录用户：dd；登录密码：ddd；》》登录失败！

2015-06-11 12:41:15
[INFO]-[Thread: qtp25857250-21]-[com.demo.blog.LoginController.login()]: 登录用户：1；登录密码：1；》》登录失败！

2015-06-11 12:49:53
[INFO]-[Thread: qtp26779524-12]-[com.ustcinfo.index.LoginController.login()]: 登录用户：2；登录密码：2；》》登录失败！
